#
# There is insufficient memory for the Java Runtime Environment to continue.
# Native memory allocation (mmap) failed to map 264241152 bytes for G1 virtual space
# Possible reasons:
#   The system is out of physical RAM or swap space
#   The process is running with CompressedOops enabled, and the Java Heap may be blocking the growth of the native heap
# Possible solutions:
#   Reduce memory load on the system
#   Increase physical memory or swap space
#   Check if swap backing store is full
#   Decrease Java heap size (-Xmx/-Xms)
#   Decrease number of Java threads
#   Decrease Java thread stack sizes (-Xss)
#   Set larger code cache with -XX:ReservedCodeCacheSize=
#   JVM is running with Zero Based Compressed Oops mode in which the Java heap is
#     placed in the first 32GB address space. The Java Heap base address is the
#     maximum limit for the native heap growth. Please use -XX:HeapBaseMinAddress
#     to set the Java Heap base and to place the Java Heap above 32GB virtual address.
# This output file may be truncated or incomplete.
#
#  Out of Memory Error (os_windows.cpp:3528), pid=6888, tid=16764
#
# JRE version:  (20.0.2+9) (build )
# Java VM: Java HotSpot(TM) 64-Bit Server VM (20.0.2+9-78, mixed mode, sharing, tiered, compressed oops, compressed class ptrs, g1 gc, windows-amd64)
# No core dump will be written. Minidumps are not enabled by default on client versions of Windows
#

---------------  S U M M A R Y ------------

Command Line: c:\Users\CodeSA Siphelele\.vscode\extensions\redhat.vscode-apache-camel-1.14.0\jars\language-server.jar

Host: 11th Gen Intel(R) Core(TM) i3-1115G4 @ 3.00GHz, 4 cores, 15G,  Windows 11 , 64 bit Build 22621 (10.0.22621.5415)
Time: Tue Feb 10 10:03:05 2026 South Africa Standard Time elapsed time: 0.030315 seconds (0d 0h 0m 0s)

---------------  T H R E A D  ---------------

Current thread (0x00000252fde5dfd0):  JavaThread "Unknown thread" [_thread_in_vm, id=16764, stack(0x00000059f8f00000,0x00000059f9000000)]

Stack: [0x00000059f8f00000,0x00000059f9000000]
Native frames: (J=compiled Java code, j=interpreted, Vv=VM code, C=native code)
V  [jvm.dll+0x6bc25a]
V  [jvm.dll+0x84971a]
V  [jvm.dll+0x84b315]
V  [jvm.dll+0x84ba13]
V  [jvm.dll+0x280e4f]
V  [jvm.dll+0x6b8fe9]
V  [jvm.dll+0x6adbca]
V  [jvm.dll+0x35b165]
V  [jvm.dll+0x363386]
V  [jvm.dll+0x3b400e]
V  [jvm.dll+0x3b4295]
V  [jvm.dll+0x32b86a]
V  [jvm.dll+0x32c68b]
V  [jvm.dll+0x8123df]
V  [jvm.dll+0x3c1261]
V  [jvm.dll+0x7fe103]
V  [jvm.dll+0x44ccaf]
V  [jvm.dll+0x44e621]
C  [jli.dll+0x5287]
C  [ucrtbase.dll+0x29333]
C  [KERNEL32.DLL+0x1259d]
C  [ntdll.dll+0x5af78]


---------------  P R O C E S S  ---------------

Threads class SMR info:
_java_thread_list=0x00007ff9169bb118, length=0, elements={
}

Java Threads: ( => current thread )

Other Threads:
  0x00000252fffa33b0 WorkerThread "GC Thread#0" [stack: 0x00000059f9100000,0x00000059f9200000] [id=20432]
  0x00000252fffb3e00 ConcurrentGCThread "G1 Main Marker" [stack: 0x00000059f9200000,0x00000059f9300000] [id=2548]
  0x00000252fffb49d0 WorkerThread "G1 Conc#0" [stack: 0x00000059f9300000,0x00000059f9400000] [id=4860]

[error occurred during error reporting (printing all threads), id 0xc0000005, EXCEPTION_ACCESS_VIOLATION (0xc0000005) at pc=0x00007ff91619eea7]
VM state: not at safepoint (not fully initialized)

VM Mutex/Monitor currently owned by a thread:  ([mutex/lock_event])
[0x00000252fde5b0e0] Heap_lock - owner thread: 0x00000252fde5dfd0

Heap address: 0x0000000704c00000, size: 4020 MB, Compressed Oops mode: Zero based, Oop shift amount: 3

CDS archive(s) mapped at: [0x0000000000000000-0x0000000000000000-0x0000000000000000), size 0, SharedBaseAddress: 0x0000000800000000, ArchiveRelocationMode: 1.
Narrow klass base: 0x0000000000000000, Narrow klass shift: 0, Narrow klass range: 0x0

GC Precious Log:
 CardTable entry size: 512
 Card Set container configuration: InlinePtr #cards 4 size 8 Array Of Cards #cards 16 size 48 Howl #buckets 8 coarsen threshold 3686 Howl Bitmap #cards 512 size 80 coarsen threshold 460 Card regions per heap region 1 cards per card region 4096

Heap:
 garbage-first heap   total 0K, used 0K [0x0000000704c00000, 0x0000000800000000)
  region size 2048K, 0 young (0K), 0 survivors (0K)

[error occurred during error reporting (printing heap information), id 0xc0000005, EXCEPTION_ACCESS_VIOLATION (0xc0000005) at pc=0x00007ff9165747b9]
GC Heap History (0 events):
No events

Dll operation events (1 events):
Event: 0.018 Loaded shared library C:\Program Files\Java\jdk-20\bin\java.dll

Deoptimization events (0 events):
No events

Classes loaded (0 events):
No events

Classes unloaded (0 events):
No events

Classes redefined (0 events):
No events

Internal exceptions (0 events):
No events

VM Operations (0 events):
No events

Events (0 events):
No events


Dynamic libraries:
0x00007ff7e4dd0000 - 0x00007ff7e4de0000 	C:\Program Files\Java\jdk-20\bin\java.exe
0x00007ff9caeb0000 - 0x00007ff9cb0c8000 	C:\Windows\SYSTEM32\ntdll.dll
0x00007ff9c9370000 - 0x00007ff9c9434000 	C:\Windows\System32\KERNEL32.DLL
0x00007ff9c7fc0000 - 0x00007ff9c8393000 	C:\Windows\System32\KERNELBASE.dll
0x00007ff9c8860000 - 0x00007ff9c8971000 	C:\Windows\System32\ucrtbase.dll
0x00007ff9bf610000 - 0x00007ff9bf629000 	C:\Program Files\Java\jdk-20\bin\jli.dll
0x00007ff9c8b50000 - 0x00007ff9c8c01000 	C:\Windows\System32\ADVAPI32.dll
0x00007ff9c8ff0000 - 0x00007ff9c9097000 	C:\Windows\System32\msvcrt.dll
0x00007ff9c8d20000 - 0x00007ff9c8dc8000 	C:\Windows\System32\sechost.dll
0x00007ff9c8790000 - 0x00007ff9c87b8000 	C:\Windows\System32\bcrypt.dll
0x00007ff9c98e0000 - 0x00007ff9c99f8000 	C:\Windows\System32\RPCRT4.dll
0x00007ff9c9440000 - 0x00007ff9c95f2000 	C:\Windows\System32\USER32.dll
0x00007ff9c8980000 - 0x00007ff9c89a6000 	C:\Windows\System32\win32u.dll
0x00007ff9c8c80000 - 0x00007ff9c8ca9000 	C:\Windows\System32\GDI32.dll
0x00007ff9c89b0000 - 0x00007ff9c8acb000 	C:\Windows\System32\gdi32full.dll
0x00007ff9c87c0000 - 0x00007ff9c885a000 	C:\Windows\System32\msvcp_win.dll
0x00007ff9beb70000 - 0x00007ff9beb8b000 	C:\Program Files\Java\jdk-20\bin\VCRUNTIME140.dll
0x00007ff9b2ed0000 - 0x00007ff9b316c000 	C:\Windows\WinSxS\amd64_microsoft.windows.common-controls_6595b64144ccf1df_6.0.22621.6060_none_2712eda17382d24b\COMCTL32.dll
0x00007ff9bd3e0000 - 0x00007ff9bd3ea000 	C:\Windows\SYSTEM32\VERSION.dll
0x00007ff9c8dd0000 - 0x00007ff9c8e01000 	C:\Windows\System32\IMM32.DLL
0x00007ff9c2590000 - 0x00007ff9c259c000 	C:\Program Files\Java\jdk-20\bin\vcruntime140_1.dll
0x00007ff972410000 - 0x00007ff97249e000 	C:\Program Files\Java\jdk-20\bin\msvcp140.dll
0x00007ff915e60000 - 0x00007ff916af8000 	C:\Program Files\Java\jdk-20\bin\server\jvm.dll
0x00007ff9aae60000 - 0x00007ff9aae69000 	C:\Windows\SYSTEM32\WSOCK32.dll
0x00007ff9cacb0000 - 0x00007ff9cad21000 	C:\Windows\System32\WS2_32.dll
0x00007ff9c1090000 - 0x00007ff9c10c4000 	C:\Windows\SYSTEM32\WINMM.dll
0x00007ff9c7090000 - 0x00007ff9c70a8000 	C:\Windows\SYSTEM32\kernel.appcore.dll
0x00007ff9becb0000 - 0x00007ff9becba000 	C:\Program Files\Java\jdk-20\bin\jimage.dll
0x00007ff9c5a20000 - 0x00007ff9c5c53000 	C:\Windows\SYSTEM32\DBGHELP.DLL
0x00007ff9ca8e0000 - 0x00007ff9cac71000 	C:\Windows\System32\combase.dll
0x00007ff9cad30000 - 0x00007ff9cae08000 	C:\Windows\System32\OLEAUT32.dll
0x00007ff9a4b60000 - 0x00007ff9a4b92000 	C:\Windows\SYSTEM32\dbgcore.DLL
0x00007ff9c8ad0000 - 0x00007ff9c8b4b000 	C:\Windows\System32\bcryptPrimitives.dll
0x00007ff98d3f0000 - 0x00007ff98d416000 	C:\Program Files\Java\jdk-20\bin\java.dll

dbghelp: loaded successfully - version: 4.0.5 - missing functions: none
symbol engine: initialized successfully - sym options: 0x614 - pdb path: .;C:\Program Files\Java\jdk-20\bin;C:\Windows\SYSTEM32;C:\Windows\WinSxS\amd64_microsoft.windows.common-controls_6595b64144ccf1df_6.0.22621.6060_none_2712eda17382d24b;C:\Program Files\Java\jdk-20\bin\server

VM Arguments:
java_command: c:\Users\CodeSA Siphelele\.vscode\extensions\redhat.vscode-apache-camel-1.14.0\jars\language-server.jar
java_class_path (initial): c:\Users\CodeSA Siphelele\.vscode\extensions\redhat.vscode-apache-camel-1.14.0\jars\language-server.jar
Launcher Type: SUN_STANDARD

[Global flags]
     intx CICompilerCount                          = 3                                         {product} {ergonomic}
     uint ConcGCThreads                            = 1                                         {product} {ergonomic}
     uint G1ConcRefinementThreads                  = 4                                         {product} {ergonomic}
   size_t G1HeapRegionSize                         = 2097152                                   {product} {ergonomic}
    uintx GCDrainStackTargetSize                   = 64                                        {product} {ergonomic}
   size_t InitialHeapSize                          = 264241152                                 {product} {ergonomic}
   size_t MarkStackSize                            = 4194304                                   {product} {ergonomic}
   size_t MaxHeapSize                              = 4215275520                                {product} {ergonomic}
   size_t MinHeapDeltaBytes                        = 2097152                                   {product} {ergonomic}
   size_t MinHeapSize                              = 8388608                                   {product} {ergonomic}
    uintx NonNMethodCodeHeapSize                   = 5832780                                {pd product} {ergonomic}
    uintx NonProfiledCodeHeapSize                  = 122912730                              {pd product} {ergonomic}
    uintx ProfiledCodeHeapSize                     = 122912730                              {pd product} {ergonomic}
    uintx ReservedCodeCacheSize                    = 251658240                              {pd product} {ergonomic}
     bool SegmentedCodeCache                       = true                                      {product} {ergonomic}
   size_t SoftMaxHeapSize                          = 4215275520                             {manageable} {ergonomic}
     bool UseCompressedClassPointers               = true                           {product lp64_product} {ergonomic}
     bool UseCompressedOops                        = true                           {product lp64_product} {ergonomic}
     bool UseG1GC                                  = true                                      {product} {ergonomic}
     bool UseLargePagesIndividualAllocation        = false                                  {pd product} {ergonomic}

Logging:
Log output configuration:
 #0: stdout all=warning uptime,level,tags foldmultilines=false
 #1: stderr all=off uptime,level,tags foldmultilines=false

Environment Variables:
PATH=C:\Program Files (x86)\Common Files\Oracle\Java\java8path;C:\Program Files (x86)\Common Files\Oracle\Java\javapath;C:\Program Files (x86)\Common Files\Intel\Shared Libraries\redist\intel64\compiler;C:\Windows\system32;C:\Windows;C:\Windows\System32\Wbem;C:\Windows\System32\WindowsPowerShell\v1.0\;C:\Windows\System32\OpenSSH\;C:\Program Files\Microsoft SQL Server\120\Tools\Binn\;C:\Program Files\Microsoft SQL Server\130\Tools\Binn\;C:\Program Files (x86)\gradle\bin;C:\Program Files\dotnet\;C:\php;C:\composer;C:\xampp\php;C:\ProgramData\chocolatey\bin;C:\Program Files\Java\jdk-20\bin;C:\Program Files\Java\jdk1.8.0_172\bin;C:\Program Files\Microsoft SQL Server\150\Tools\Binn\;C:\Program Files\Microsoft SQL Server\Client SDK\ODBC\170\Tools\Binn\;C:\ffmpeg\bin;C:\Program Files\MongoDB\Server\8.2\bin;C:\Program Files\MongoDB\Tools\100\bin;C:\Program Files\Git\cmd;C:\Program Files\nodejs\;C:\Users\CodeSA Siphelele\AppData\Local\Programs\Python\Python311\Scripts\;C:\Users\CodeSA Siphelele\AppData\Local\Programs\Python\Python311\;C:\Users\CodeSA Siphelele\AppData\Local\Programs\Python\Launcher\;C:\Users\CodeSA Siphelele\AppData\Local\Microsoft\WindowsApps;C:\Users\CodeSA Siphelele\AppData\Local\Programs\Microsoft VS Code\bin;C:\Users\CodeSA Siphelele\AppData\Local\Microsoft\WinGet\Packages\Schniz.fnm_Microsoft.Winget.Source_8wekyb3d8bbwe;C:\Users\CodeSA Siphelele\.lmstudio\bin;C:\Users\CodeSA Siphelele\AppData\Roaming\Composer\vendor\bin;C:\Program Files\Tesseract-OCR;C:\Users\CodeSA Siphelele\.dotnet\tools;C:\Users\CodeSA Siphelele\AppData\Local\Programs\Windsurf\bin;C:\Users\CodeSA Siphelele\AppData\Roaming\npm;C:\Users\CodeSA Siphelele\AppData\Local\GitHubDesktop\bin;C:\Users\CodeSA Siphelele\AppData\Local\Programs\Qoder\bin;C:\Users\CodeSA Siphelele\AppData\Local\Programs\Antigravity\bin
USERNAME=CodeSA Siphelele
SHELL=powershell.exe
TMPDIR=C:\Users\CODESA~1\AppData\Local\Temp
OS=Windows_NT
PROCESSOR_IDENTIFIER=Intel64 Family 6 Model 140 Stepping 1, GenuineIntel
TMP=C:\Users\CODESA~1\AppData\Local\Temp
TEMP=C:\Users\CODESA~1\AppData\Local\Temp




---------------  S Y S T E M  ---------------

OS:
 Windows 11 , 64 bit Build 22621 (10.0.22621.5415)
OS uptime: 0 days 10:16 hours

CPU: total 4 (initial active 4) (2 cores per cpu, 2 threads per core) family 6 model 140 stepping 1 microcode 0xb6, cx8, cmov, fxsr, ht, mmx, 3dnowpref, sse, sse2, sse3, ssse3, sse4.1, sse4.2, popcnt, lzcnt, tsc, tscinvbit, avx, avx2, aes, erms, clmul, bmi1, bmi2, adx, avx512f, avx512dq, avx512cd, avx512bw, avx512vl, sha, fma, vzeroupper, avx512_vpopcntdq, avx512_vpclmulqdq, avx512_vaes, avx512_vnni, clflush, clflushopt, clwb, avx512_vbmi2, avx512_vbmi, rdtscp, rdpid, fsrm, gfni, avx512_bitalg, f16c, pku, cet_ibt, cet_ss, avx512_ifma

Memory: 4k page, system-wide physical 16078M (1875M free)
TotalPageFile size 24873M (AvailPageFile size 128M)
current process WorkingSet (physical memory assigned to process): 11M, peak: 11M
current process commit charge ("private bytes"): 52M, peak: 304M

vm_info: Java HotSpot(TM) 64-Bit Server VM (20.0.2+9-78) for windows-amd64 JRE (20.0.2+9-78), built on 2023-06-14T10:08:48Z by "mach5one" with MS VC++ 17.1 (VS2022)

END.
